<?xml version="1.0" encoding="UTF-8"?>
<testng-results skipped="0" failed="0" ignored="0" total="1" passed="1">
  <reporter-output>
  </reporter-output>
  <suite name="Default suite" duration-ms="10306" started-at="2017-03-16T19:19:10Z" finished-at="2017-03-16T19:19:20Z">
    <groups>
    </groups>
    <test name="Default test" duration-ms="10306" started-at="2017-03-16T19:19:10Z" finished-at="2017-03-16T19:19:20Z">
      <class name="LoginTC">
        <test-method status="PASS" signature="LTC()[pri:0, instance:LoginTC@5afa04c]" name="LTC" duration-ms="10284" started-at="2017-03-16T15:19:10Z" finished-at="2017-03-16T15:19:20Z">
          <reporter-output>
          </reporter-output>
        </test-method> <!-- LTC -->
      </class> <!-- LoginTC -->
    </test> <!-- Default test -->
  </suite> <!-- Default suite -->
</testng-results>
